c
[95m[1m======== MARL训练配置 ========[0m
训练轮数: [93m1[0m
每轮步数: [93m5[0m
模型保存: 每[93m10[0m轮
使用的预设灾难规模: [93m中型灾难[0m
网格大小: [93m20x20[0m
救援人员: [93m10[0m名

[94m灾难生成参数:[0m
  • 初始生成概率: [96m0.15[0m
  • 初始灾难数量: [96mNone[0m
  • 最大灾难等级: [96mNone[0m

[94m奖励设置:[0m
  • 完成救援: [92m+10.0[0m
  • 高优先级任务: [92m+任务等级/10[0m
  • 协调避免重复: [92m+2.0[0m
  • 救援进度: [92m+等级减少值[0m
  • 时间惩罚: [91m-0.1/步[0m
[95m[1m================================[0m
使用预设灾难规模: 中型灾难, 网格大小=20, 灾情生成概率=0.15
救援人员数量: 10
使用设备: cpu
开始MARL训练过程...
-------------------------------------------
训练分为三个阶段：
 - 阶段1：灾难初期，生成概率约0.5，至少20个灾难点
 - 阶段2：灾难中期，生成概率约0.3，保持5-20个灾难点
 - 阶段3：灾难后期，生成概率约0.1，不超过5个灾难点
-------------------------------------------
